<?xml version="1.0" encoding="UTF-8"?>
<!-- Generated by org.testng.reporters.JUnitReportReporter -->
<testsuite hostname="DESKTOP-N46G1GJ" failures="0" tests="1" name="com.pom.TestScript" time="12.748" errors="0" timestamp="2024-11-19T09:29:44 IST" skipped="0">
  <testcase classname="com.pom.TestScript" name="welcomePage" time="12.748"/>
</testsuite> <!-- com.pom.TestScript -->
