<?xml version="1.0" encoding="UTF-8"?>
<!-- Generated by org.testng.reporters.JUnitReportReporter -->
<testsuite hostname="DESKTOP-N46G1GJ" failures="0" tests="3" name="com.dataprovider.TestScript" time="9.063" errors="0" timestamp="2024-11-19T10:27:21 IST" skipped="0">
  <testcase classname="com.dataprovider.TestScript" name="login" time="3.790"/>
  <testcase classname="com.dataprovider.TestScript" name="login" time="2.634"/>
  <testcase classname="com.dataprovider.TestScript" name="login" time="2.639"/>
</testsuite> <!-- com.dataprovider.TestScript -->
